<?xml version="1.0" encoding="UTF-8"?>
<!-- Generated by org.testng.reporters.JUnitReportReporter -->
<testsuite hostname="DESKTOP-ATE00BG" name="com.qa.testCase.WalesTest" tests="6" failures="0" timestamp="7 Nov 2021 14:02:31 GMT" time="141.695" errors="0">
  <testcase name="validateNHSCostChecker" time="27.526" classname="com.qa.testCase.WalesTest"/>
  <testcase name="validateNHSCostChecker" time="24.069" classname="com.qa.testCase.WalesTest"/>
  <testcase name="validateNHSCostChecker" time="23.429" classname="com.qa.testCase.WalesTest"/>
  <testcase name="validateNHSCostChecker" time="22.470" classname="com.qa.testCase.WalesTest"/>
  <testcase name="validateNHSCostChecker" time="20.934" classname="com.qa.testCase.WalesTest"/>
  <testcase name="validateNHSCostChecker" time="23.267" classname="com.qa.testCase.WalesTest"/>
</testsuite> <!-- com.qa.testCase.WalesTest -->
